<?xml version="1.0" encoding="UTF-8"?>
<!-- Generated by org.testng.reporters.JUnitXMLReporter -->
<testsuite ignored="0" hostname="DESKTOP-J9OJM1R" failures="1" tests="1" name="BankingApp Test" time="47.799" errors="0" timestamp="2021-12-22T20:22:39 IST">
  <testcase classname="com.inetbanking.testCases.TC_addcustomer_003" name="addNewCustomer" time="30.914">
    <failure type="java.lang.AssertionError" message="expected [true] but found [false]">
      <![CDATA[java.lang.AssertionError: expected [true] but found [false]
at com.inetbanking.testCases.TC_addcustomer_003.addNewCustomer(TC_addcustomer_003.java:64)
at java.base/java.util.ArrayList.forEach(ArrayList.java:1511)
... Removed 31 stack frames]]>
    </failure>
  </testcase> <!-- addNewCustomer -->
</testsuite> <!-- BankingApp Test -->
